python: can't open file 'cifar_train_multi_gpulpy': [Errno 2] No such file or directory
I tensorflow/stream_executor/dso_loader.cc:108] successfully opened CUDA library libcublas.so locally
I tensorflow/stream_executor/dso_loader.cc:108] successfully opened CUDA library libcudnn.so locally
I tensorflow/stream_executor/dso_loader.cc:108] successfully opened CUDA library libcufft.so locally
I tensorflow/stream_executor/dso_loader.cc:108] successfully opened CUDA library libcuda.so.1 locally
I tensorflow/stream_executor/dso_loader.cc:108] successfully opened CUDA library libcurand.so locally
I tensorflow/core/common_runtime/gpu/gpu_init.cc:102] Found device 0 with properties: 
name: Tesla K80
major: 3 minor: 7 memoryClockRate (GHz) 0.8235
pciBusID 0000:05:00.0
Total memory: 11.25GiB
Free memory: 11.13GiB
W tensorflow/stream_executor/cuda/cuda_driver.cc:572] creating context when one is currently active; existing: 0x6721d50
I tensorflow/core/common_runtime/gpu/gpu_init.cc:102] Found device 1 with properties: 
name: Tesla K80
major: 3 minor: 7 memoryClockRate (GHz) 0.8235
pciBusID 0000:06:00.0
Total memory: 11.25GiB
Free memory: 11.13GiB
W tensorflow/stream_executor/cuda/cuda_driver.cc:572] creating context when one is currently active; existing: 0x6b341f0
I tensorflow/core/common_runtime/gpu/gpu_init.cc:102] Found device 2 with properties: 
name: Tesla K80
major: 3 minor: 7 memoryClockRate (GHz) 0.8235
pciBusID 0000:09:00.0
Total memory: 11.25GiB
Free memory: 11.13GiB
W tensorflow/stream_executor/cuda/cuda_driver.cc:572] creating context when one is currently active; existing: 0x6f481a0
I tensorflow/core/common_runtime/gpu/gpu_init.cc:102] Found device 3 with properties: 
name: Tesla K80
major: 3 minor: 7 memoryClockRate (GHz) 0.8235
pciBusID 0000:0a:00.0
Total memory: 11.25GiB
Free memory: 11.13GiB
W tensorflow/stream_executor/cuda/cuda_driver.cc:572] creating context when one is currently active; existing: 0x7365ac0
I tensorflow/core/common_runtime/gpu/gpu_init.cc:102] Found device 4 with properties: 
name: Tesla K80
major: 3 minor: 7 memoryClockRate (GHz) 0.8235
pciBusID 0000:84:00.0
Total memory: 11.25GiB
Free memory: 11.13GiB
W tensorflow/stream_executor/cuda/cuda_driver.cc:572] creating context when one is currently active; existing: 0x7787220
I tensorflow/core/common_runtime/gpu/gpu_init.cc:102] Found device 5 with properties: 
name: Tesla K80
major: 3 minor: 7 memoryClockRate (GHz) 0.8235
pciBusID 0000:85:00.0
Total memory: 11.25GiB
Free memory: 11.13GiB
W tensorflow/stream_executor/cuda/cuda_driver.cc:572] creating context when one is currently active; existing: 0x7babf50
I tensorflow/core/common_runtime/gpu/gpu_init.cc:102] Found device 6 with properties: 
name: Tesla K80
major: 3 minor: 7 memoryClockRate (GHz) 0.8235
pciBusID 0000:88:00.0
Total memory: 11.25GiB
Free memory: 9.81GiB
W tensorflow/stream_executor/cuda/cuda_driver.cc:572] creating context when one is currently active; existing: 0x7fd4bf0
I tensorflow/core/common_runtime/gpu/gpu_init.cc:102] Found device 7 with properties: 
name: Tesla K80
major: 3 minor: 7 memoryClockRate (GHz) 0.8235
pciBusID 0000:89:00.0
Total memory: 11.25GiB
Free memory: 11.13GiB
I tensorflow/core/common_runtime/gpu/gpu_init.cc:59] cannot enable peer access from device ordinal 0 to device ordinal 4
I tensorflow/core/common_runtime/gpu/gpu_init.cc:59] cannot enable peer access from device ordinal 0 to device ordinal 5
I tensorflow/core/common_runtime/gpu/gpu_init.cc:59] cannot enable peer access from device ordinal 0 to device ordinal 6
I tensorflow/core/common_runtime/gpu/gpu_init.cc:59] cannot enable peer access from device ordinal 0 to device ordinal 7
I tensorflow/core/common_runtime/gpu/gpu_init.cc:59] cannot enable peer access from device ordinal 1 to device ordinal 4
I tensorflow/core/common_runtime/gpu/gpu_init.cc:59] cannot enable peer access from device ordinal 1 to device ordinal 5
I tensorflow/core/common_runtime/gpu/gpu_init.cc:59] cannot enable peer access from device ordinal 1 to device ordinal 6
I tensorflow/core/common_runtime/gpu/gpu_init.cc:59] cannot enable peer access from device ordinal 1 to device ordinal 7
I tensorflow/core/common_runtime/gpu/gpu_init.cc:59] cannot enable peer access from device ordinal 2 to device ordinal 4
I tensorflow/core/common_runtime/gpu/gpu_init.cc:59] cannot enable peer access from device ordinal 2 to device ordinal 5
I tensorflow/core/common_runtime/gpu/gpu_init.cc:59] cannot enable peer access from device ordinal 2 to device ordinal 6
I tensorflow/core/common_runtime/gpu/gpu_init.cc:59] cannot enable peer access from device ordinal 2 to device ordinal 7
I tensorflow/core/common_runtime/gpu/gpu_init.cc:59] cannot enable peer access from device ordinal 3 to device ordinal 4
I tensorflow/core/common_runtime/gpu/gpu_init.cc:59] cannot enable peer access from device ordinal 3 to device ordinal 5
I tensorflow/core/common_runtime/gpu/gpu_init.cc:59] cannot enable peer access from device ordinal 3 to device ordinal 6
I tensorflow/core/common_runtime/gpu/gpu_init.cc:59] cannot enable peer access from device ordinal 3 to device ordinal 7
I tensorflow/core/common_runtime/gpu/gpu_init.cc:59] cannot enable peer access from device ordinal 4 to device ordinal 0
I tensorflow/core/common_runtime/gpu/gpu_init.cc:59] cannot enable peer access from device ordinal 4 to device ordinal 1
I tensorflow/core/common_runtime/gpu/gpu_init.cc:59] cannot enable peer access from device ordinal 4 to device ordinal 2
I tensorflow/core/common_runtime/gpu/gpu_init.cc:59] cannot enable peer access from device ordinal 4 to device ordinal 3
I tensorflow/core/common_runtime/gpu/gpu_init.cc:59] cannot enable peer access from device ordinal 5 to device ordinal 0
I tensorflow/core/common_runtime/gpu/gpu_init.cc:59] cannot enable peer access from device ordinal 5 to device ordinal 1
I tensorflow/core/common_runtime/gpu/gpu_init.cc:59] cannot enable peer access from device ordinal 5 to device ordinal 2
I tensorflow/core/common_runtime/gpu/gpu_init.cc:59] cannot enable peer access from device ordinal 5 to device ordinal 3
I tensorflow/core/common_runtime/gpu/gpu_init.cc:59] cannot enable peer access from device ordinal 6 to device ordinal 0
I tensorflow/core/common_runtime/gpu/gpu_init.cc:59] cannot enable peer access from device ordinal 6 to device ordinal 1
I tensorflow/core/common_runtime/gpu/gpu_init.cc:59] cannot enable peer access from device ordinal 6 to device ordinal 2
I tensorflow/core/common_runtime/gpu/gpu_init.cc:59] cannot enable peer access from device ordinal 6 to device ordinal 3
I tensorflow/core/common_runtime/gpu/gpu_init.cc:59] cannot enable peer access from device ordinal 7 to device ordinal 0
I tensorflow/core/common_runtime/gpu/gpu_init.cc:59] cannot enable peer access from device ordinal 7 to device ordinal 1
I tensorflow/core/common_runtime/gpu/gpu_init.cc:59] cannot enable peer access from device ordinal 7 to device ordinal 2
I tensorflow/core/common_runtime/gpu/gpu_init.cc:59] cannot enable peer access from device ordinal 7 to device ordinal 3
I tensorflow/core/common_runtime/gpu/gpu_init.cc:126] DMA: 0 1 2 3 4 5 6 7 
I tensorflow/core/common_runtime/gpu/gpu_init.cc:136] 0:   Y Y Y Y N N N N 
I tensorflow/core/common_runtime/gpu/gpu_init.cc:136] 1:   Y Y Y Y N N N N 
I tensorflow/core/common_runtime/gpu/gpu_init.cc:136] 2:   Y Y Y Y N N N N 
I tensorflow/core/common_runtime/gpu/gpu_init.cc:136] 3:   Y Y Y Y N N N N 
I tensorflow/core/common_runtime/gpu/gpu_init.cc:136] 4:   N N N N Y Y Y Y 
I tensorflow/core/common_runtime/gpu/gpu_init.cc:136] 5:   N N N N Y Y Y Y 
I tensorflow/core/common_runtime/gpu/gpu_init.cc:136] 6:   N N N N Y Y Y Y 
I tensorflow/core/common_runtime/gpu/gpu_init.cc:136] 7:   N N N N Y Y Y Y 
I tensorflow/core/common_runtime/gpu/gpu_device.cc:839] Creating TensorFlow device (/gpu:0) -> (device: 0, name: Tesla K80, pci bus id: 0000:05:00.0)
I tensorflow/core/common_runtime/gpu/gpu_device.cc:839] Creating TensorFlow device (/gpu:1) -> (device: 1, name: Tesla K80, pci bus id: 0000:06:00.0)
I tensorflow/core/common_runtime/gpu/gpu_device.cc:839] Creating TensorFlow device (/gpu:2) -> (device: 2, name: Tesla K80, pci bus id: 0000:09:00.0)
I tensorflow/core/common_runtime/gpu/gpu_device.cc:839] Creating TensorFlow device (/gpu:3) -> (device: 3, name: Tesla K80, pci bus id: 0000:0a:00.0)
I tensorflow/core/common_runtime/gpu/gpu_device.cc:839] Creating TensorFlow device (/gpu:4) -> (device: 4, name: Tesla K80, pci bus id: 0000:84:00.0)
I tensorflow/core/common_runtime/gpu/gpu_device.cc:839] Creating TensorFlow device (/gpu:5) -> (device: 5, name: Tesla K80, pci bus id: 0000:85:00.0)
I tensorflow/core/common_runtime/gpu/gpu_device.cc:839] Creating TensorFlow device (/gpu:6) -> (device: 6, name: Tesla K80, pci bus id: 0000:88:00.0)
I tensorflow/core/common_runtime/gpu/gpu_device.cc:839] Creating TensorFlow device (/gpu:7) -> (device: 7, name: Tesla K80, pci bus id: 0000:89:00.0)
I tensorflow/core/common_runtime/gpu/pool_allocator.cc:244] PoolAllocator: After 2360 get requests, put_count=1665 evicted_count=1000 eviction_rate=0.600601 and unsatisfied allocation rate=0.760593
I tensorflow/core/common_runtime/gpu/pool_allocator.cc:256] Raising pool_size_limit_ from 100 to 110
I tensorflow/core/common_runtime/gpu/pool_allocator.cc:244] PoolAllocator: After 0 get requests, put_count=1017 evicted_count=1000 eviction_rate=0.983284 and unsatisfied allocation rate=0
I tensorflow/core/common_runtime/gpu/pool_allocator.cc:244] PoolAllocator: After 2360 get requests, put_count=1902 evicted_count=1000 eviction_rate=0.525762 and unsatisfied allocation rate=0.630508
I tensorflow/core/common_runtime/gpu/pool_allocator.cc:256] Raising pool_size_limit_ from 339 to 372
I tensorflow/core/common_runtime/gpu/pool_allocator.cc:244] PoolAllocator: After 2360 get requests, put_count=3250 evicted_count=2000 eviction_rate=0.615385 and unsatisfied allocation rate=0.495339
I tensorflow/core/common_runtime/gpu/pool_allocator.cc:256] Raising pool_size_limit_ from 655 to 720
I tensorflow/core/common_runtime/gpu/pool_allocator.cc:244] PoolAllocator: After 18880 get requests, put_count=18788 evicted_count=1000 eviction_rate=0.0532255 and unsatisfied allocation rate=0.0659958
I tensorflow/core/common_runtime/gpu/pool_allocator.cc:256] Raising pool_size_limit_ from 1694 to 1863
Training ResInception_cifar10 model
step 199, cross_entropy 2.47733
test accuracy 0.187
step 399, cross_entropy 2.02808
test accuracy 0.163
step 599, cross_entropy 1.93567
test accuracy 0.262
step 799, cross_entropy 1.83442
test accuracy 0.22
step 999, cross_entropy 1.73225
test accuracy 0.239
step 1199, cross_entropy 1.6326
test accuracy 0.244
step 1399, cross_entropy 1.60789
test accuracy 0.216
step 1599, cross_entropy 1.57537
test accuracy 0.267
step 1799, cross_entropy 1.43485
test accuracy 0.272
step 1999, cross_entropy 1.41148
test accuracy 0.429
Model saved in ../../ckpt/ResInception_cifar10.ckpt
step 2199, cross_entropy 1.34071
test accuracy 0.473
step 2399, cross_entropy 1.31074
test accuracy 0.489
step 2599, cross_entropy 1.26389
test accuracy 0.405
step 2799, cross_entropy 1.20755
test accuracy 0.362
step 2999, cross_entropy 1.2065
test accuracy 0.562
step 3199, cross_entropy 1.20577
test accuracy 0.466
step 3399, cross_entropy 1.15561
test accuracy 0.463
step 3599, cross_entropy 1.0982
test accuracy 0.547
step 3799, cross_entropy 1.1419
test accuracy 0.523
step 3999, cross_entropy 1.15097
test accuracy 0.488
Model saved in ../../ckpt/ResInception_cifar10.ckpt
step 4199, cross_entropy 1.08095
test accuracy 0.446
step 4399, cross_entropy 1.09387
test accuracy 0.441
step 4599, cross_entropy 1.08908
test accuracy 0.305
step 4799, cross_entropy 1.04547
test accuracy 0.62
step 4999, cross_entropy 0.990639
test accuracy 0.625
step 5199, cross_entropy 0.985269
test accuracy 0.552
step 5399, cross_entropy 0.995623
test accuracy 0.539
step 5599, cross_entropy 0.974076
test accuracy 0.577
step 5799, cross_entropy 0.929282
test accuracy 0.627
step 5999, cross_entropy 0.972364
test accuracy 0.535
Model saved in ../../ckpt/ResInception_cifar10.ckpt
step 6199, cross_entropy 0.925786
test accuracy 0.634
step 6399, cross_entropy 0.909194
test accuracy 0.62
step 6599, cross_entropy 0.896705
test accuracy 0.657
step 6799, cross_entropy 0.920569
test accuracy 0.63
step 6999, cross_entropy 0.835557
test accuracy 0.591
step 7199, cross_entropy 0.900171
test accuracy 0.618
step 7399, cross_entropy 0.866387
test accuracy 0.707
step 7599, cross_entropy 0.8641
test accuracy 0.638
step 7799, cross_entropy 0.863992
test accuracy 0.636
step 7999, cross_entropy 0.848631
test accuracy 0.663
Model saved in ../../ckpt/ResInception_cifar10.ckpt
step 8199, cross_entropy 0.861075
test accuracy 0.655
step 8399, cross_entropy 0.80306
test accuracy 0.576
step 8599, cross_entropy 0.783771
test accuracy 0.725
step 8799, cross_entropy 0.803264
test accuracy 0.586
step 8999, cross_entropy 0.807113
test accuracy 0.709
step 9199, cross_entropy 0.779711
test accuracy 0.653
step 9399, cross_entropy 0.754781
test accuracy 0.705
step 9599, cross_entropy 0.757373
test accuracy 0.677
step 9799, cross_entropy 0.73369
test accuracy 0.639
step 9999, cross_entropy 0.742306
test accuracy 0.629
Model saved in ../../ckpt/ResInception_cifar10.ckpt
step 10199, cross_entropy 0.728534
test accuracy 0.737
step 10399, cross_entropy 0.719433
test accuracy 0.708
step 10599, cross_entropy 0.737989
test accuracy 0.634
step 10799, cross_entropy 0.721062
test accuracy 0.599
step 10999, cross_entropy 0.757351
test accuracy 0.636
step 11199, cross_entropy 0.700751
test accuracy 0.614
step 11399, cross_entropy 0.717044
test accuracy 0.742
step 11599, cross_entropy 0.694311
test accuracy 0.719
step 11799, cross_entropy 0.696478
test accuracy 0.724
step 11999, cross_entropy 0.724279
test accuracy 0.741
Model saved in ../../ckpt/ResInception_cifar10.ckpt
step 12199, cross_entropy 0.697622
test accuracy 0.69
step 12399, cross_entropy 0.712529
test accuracy 0.685
step 12599, cross_entropy 0.728454
test accuracy 0.74
step 12799, cross_entropy 0.731699
test accuracy 0.578
step 12999, cross_entropy 0.704169
test accuracy 0.736
step 13199, cross_entropy 0.674123
test accuracy 0.74
step 13399, cross_entropy 0.687019
test accuracy 0.722
step 13599, cross_entropy 0.66451
test accuracy 0.749
step 13799, cross_entropy 0.671742
test accuracy 0.721
step 13999, cross_entropy 0.633854
test accuracy 0.685
Model saved in ../../ckpt/ResInception_cifar10.ckpt
step 14199, cross_entropy 0.662465
test accuracy 0.739
step 14399, cross_entropy 0.64715
test accuracy 0.744
step 14599, cross_entropy 0.636928
test accuracy 0.773
step 14799, cross_entropy 0.64108
test accuracy 0.73
step 14999, cross_entropy 0.625124
test accuracy 0.753
step 15199, cross_entropy 0.625797
test accuracy 0.709
step 15399, cross_entropy 0.613064
test accuracy 0.707
step 15599, cross_entropy 0.639574
test accuracy 0.74
step 15799, cross_entropy 0.618691
test accuracy 0.765
step 15999, cross_entropy 0.599249
test accuracy 0.713
Model saved in ../../ckpt/ResInception_cifar10.ckpt
step 16199, cross_entropy 0.597387
test accuracy 0.601
step 16399, cross_entropy 0.586233
test accuracy 0.773
step 16599, cross_entropy 0.602041
test accuracy 0.78
step 16799, cross_entropy 0.619012
test accuracy 0.753
step 16999, cross_entropy 0.596328
test accuracy 0.746
step 17199, cross_entropy 0.595478
test accuracy 0.678
step 17399, cross_entropy 0.595864
test accuracy 0.757
step 17599, cross_entropy 0.602594
test accuracy 0.761
step 17799, cross_entropy 0.536736
test accuracy 0.743
step 17999, cross_entropy 0.558727
test accuracy 0.749
Model saved in ../../ckpt/ResInception_cifar10.ckpt
step 18199, cross_entropy 0.585239
test accuracy 0.709
step 18399, cross_entropy 0.585598
test accuracy 0.711
step 18599, cross_entropy 0.573235
test accuracy 0.799
step 18799, cross_entropy 0.586558
test accuracy 0.756
step 18999, cross_entropy 0.561201
test accuracy 0.688
step 19199, cross_entropy 0.527488
test accuracy 0.673
step 19399, cross_entropy 0.536598
test accuracy 0.761
step 19599, cross_entropy 0.560784
test accuracy 0.773
step 19799, cross_entropy 0.545194
test accuracy 0.78
step 19999, cross_entropy 0.579033
test accuracy 0.775
Model saved in ../../ckpt/ResInception_cifar10.ckpt
step 20199, cross_entropy 0.533157
test accuracy 0.776
step 20399, cross_entropy 0.575038
test accuracy 0.781
step 20599, cross_entropy 0.559102
test accuracy 0.804
step 20799, cross_entropy 0.544814
test accuracy 0.773
step 20999, cross_entropy 0.552068
test accuracy 0.775
step 21199, cross_entropy 0.524482
test accuracy 0.724
step 21399, cross_entropy 0.522771
test accuracy 0.798
step 21599, cross_entropy 0.546019
test accuracy 0.791
step 21799, cross_entropy 0.513888
test accuracy 0.777
step 21999, cross_entropy 0.522539
test accuracy 0.767
Model saved in ../../ckpt/ResInception_cifar10.ckpt
step 22199, cross_entropy 0.51632
test accuracy 0.79
step 22399, cross_entropy 0.497855
test accuracy 0.749
step 22599, cross_entropy 0.494477
test accuracy 0.781
step 22799, cross_entropy 0.534823
test accuracy 0.777
step 22999, cross_entropy 0.510257
test accuracy 0.762
step 23199, cross_entropy 0.506373
test accuracy 0.771
step 23399, cross_entropy 0.513949
test accuracy 0.764
step 23599, cross_entropy 0.468282
test accuracy 0.731
step 23799, cross_entropy 0.486096
test accuracy 0.729
step 23999, cross_entropy 0.489047
test accuracy 0.776
Model saved in ../../ckpt/ResInception_cifar10.ckpt
step 24199, cross_entropy 0.522219
test accuracy 0.706
step 24399, cross_entropy 0.478187
test accuracy 0.78
step 24599, cross_entropy 0.465741
test accuracy 0.785
step 24799, cross_entropy 0.523683
test accuracy 0.738
step 24999, cross_entropy 0.485153
test accuracy 0.779
step 25199, cross_entropy 0.441106
test accuracy 0.801
step 25399, cross_entropy 0.487093
test accuracy 0.832
step 25599, cross_entropy 0.487927
test accuracy 0.769
step 25799, cross_entropy 0.452845
test accuracy 0.805
step 25999, cross_entropy 0.46255
test accuracy 0.811
Model saved in ../../ckpt/ResInception_cifar10.ckpt
step 26199, cross_entropy 0.457667
test accuracy 0.816
step 26399, cross_entropy 0.466386
test accuracy 0.831
step 26599, cross_entropy 0.459972
test accuracy 0.799
step 26799, cross_entropy 0.461677
test accuracy 0.781
step 26999, cross_entropy 0.478874
test accuracy 0.772
step 27199, cross_entropy 0.462619
test accuracy 0.81
step 27399, cross_entropy 0.440387
test accuracy 0.786
step 27599, cross_entropy 0.455926
test accuracy 0.825
step 27799, cross_entropy 0.457484
test accuracy 0.797
step 27999, cross_entropy 0.456835
test accuracy 0.798
Model saved in ../../ckpt/ResInception_cifar10.ckpt
step 28199, cross_entropy 0.428521
test accuracy 0.802
step 28399, cross_entropy 0.461775
test accuracy 0.777
step 28599, cross_entropy 0.448577
test accuracy 0.794
step 28799, cross_entropy 0.434549
test accuracy 0.758
step 28999, cross_entropy 0.445144
test accuracy 0.739
step 29199, cross_entropy 0.438986
test accuracy 0.784
step 29399, cross_entropy 0.456156
test accuracy 0.798
step 29599, cross_entropy 0.423119
test accuracy 0.786
step 29799, cross_entropy 0.452401
test accuracy 0.748
step 29999, cross_entropy 0.433951
test accuracy 0.798
Model saved in ../../ckpt/ResInception_cifar10.ckpt
step 30199, cross_entropy 0.455434
test accuracy 0.804
step 30399, cross_entropy 0.415465
test accuracy 0.806
step 30599, cross_entropy 0.432546
test accuracy 0.761
step 30799, cross_entropy 0.390201
test accuracy 0.839
step 30999, cross_entropy 0.396949
test accuracy 0.823
step 31199, cross_entropy 0.420303
test accuracy 0.824
step 31399, cross_entropy 0.432768
test accuracy 0.808
step 31599, cross_entropy 0.39744
test accuracy 0.781
step 31799, cross_entropy 0.407196
test accuracy 0.819
step 31999, cross_entropy 0.425627
test accuracy 0.798
Model saved in ../../ckpt/ResInception_cifar10.ckpt
step 32199, cross_entropy 0.413072
test accuracy 0.789
step 32399, cross_entropy 0.389301
test accuracy 0.795
step 32599, cross_entropy 0.378275
test accuracy 0.812
step 32799, cross_entropy 0.401991
test accuracy 0.791
step 32999, cross_entropy 0.407019
test accuracy 0.789
step 33199, cross_entropy 0.40329
test accuracy 0.762
step 33399, cross_entropy 0.408104
test accuracy 0.81
step 33599, cross_entropy 0.407956
test accuracy 0.801
step 33799, cross_entropy 0.404701
test accuracy 0.812
step 33999, cross_entropy 0.386974
test accuracy 0.802
Model saved in ../../ckpt/ResInception_cifar10.ckpt
step 34199, cross_entropy 0.383806
test accuracy 0.819
step 34399, cross_entropy 0.417919
test accuracy 0.83
step 34599, cross_entropy 0.384994
test accuracy 0.824
step 34799, cross_entropy 0.379974
test accuracy 0.839
step 34999, cross_entropy 0.368875
test accuracy 0.832
step 35199, cross_entropy 0.404865
test accuracy 0.764
step 35399, cross_entropy 0.363879
test accuracy 0.814
step 35599, cross_entropy 0.389161
test accuracy 0.805
step 35799, cross_entropy 0.371925
test accuracy 0.806
step 35999, cross_entropy 0.377166
test accuracy 0.849
Model saved in ../../ckpt/ResInception_cifar10.ckpt
step 36199, cross_entropy 0.380986
test accuracy 0.818
step 36399, cross_entropy 0.385284
test accuracy 0.77
step 36599, cross_entropy 0.373611
test accuracy 0.805
step 36799, cross_entropy 0.365865
test accuracy 0.855
step 36999, cross_entropy 0.359546
test accuracy 0.779
step 37199, cross_entropy 0.358857
test accuracy 0.817
step 37399, cross_entropy 0.373859
test accuracy 0.762
step 37599, cross_entropy 0.385319
test accuracy 0.806
step 37799, cross_entropy 0.367702
test accuracy 0.819
step 37999, cross_entropy 0.326907
test accuracy 0.797
Model saved in ../../ckpt/ResInception_cifar10.ckpt
step 38199, cross_entropy 0.359637
test accuracy 0.845
step 38399, cross_entropy 0.387748
test accuracy 0.778
step 38599, cross_entropy 0.353105
test accuracy 0.747
step 38799, cross_entropy 0.38786
test accuracy 0.787
step 38999, cross_entropy 0.353519
test accuracy 0.816
step 39199, cross_entropy 0.392119
test accuracy 0.821
step 39399, cross_entropy 0.341304
test accuracy 0.856
step 39599, cross_entropy 0.357185
test accuracy 0.848
step 39799, cross_entropy 0.36378
test accuracy 0.77
step 39999, cross_entropy 0.342897
test accuracy 0.81
Model saved in ../../ckpt/ResInception_cifar10.ckpt
highest accuracy: 0.856
