I tensorflow/stream_executor/dso_loader.cc:108] successfully opened CUDA library libcublas.so locally
I tensorflow/stream_executor/dso_loader.cc:108] successfully opened CUDA library libcudnn.so locally
I tensorflow/stream_executor/dso_loader.cc:108] successfully opened CUDA library libcufft.so locally
I tensorflow/stream_executor/dso_loader.cc:108] successfully opened CUDA library libcuda.so.1 locally
I tensorflow/stream_executor/dso_loader.cc:108] successfully opened CUDA library libcurand.so locally
I tensorflow/core/common_runtime/gpu/gpu_init.cc:102] Found device 0 with properties: 
name: Tesla K80
major: 3 minor: 7 memoryClockRate (GHz) 0.8235
pciBusID 0000:05:00.0
Total memory: 11.25GiB
Free memory: 4.06GiB
W tensorflow/stream_executor/cuda/cuda_driver.cc:572] creating context when one is currently active; existing: 0x7b7ac90
I tensorflow/core/common_runtime/gpu/gpu_init.cc:102] Found device 1 with properties: 
name: Tesla K80
major: 3 minor: 7 memoryClockRate (GHz) 0.8235
pciBusID 0000:06:00.0
Total memory: 11.25GiB
Free memory: 11.13GiB
W tensorflow/stream_executor/cuda/cuda_driver.cc:572] creating context when one is currently active; existing: 0x7f8d1f0
I tensorflow/core/common_runtime/gpu/gpu_init.cc:102] Found device 2 with properties: 
name: Tesla K80
major: 3 minor: 7 memoryClockRate (GHz) 0.8235
pciBusID 0000:09:00.0
Total memory: 11.25GiB
Free memory: 11.13GiB
W tensorflow/stream_executor/cuda/cuda_driver.cc:572] creating context when one is currently active; existing: 0x83a1320
I tensorflow/core/common_runtime/gpu/gpu_init.cc:102] Found device 3 with properties: 
name: Tesla K80
major: 3 minor: 7 memoryClockRate (GHz) 0.8235
pciBusID 0000:0a:00.0
Total memory: 11.25GiB
Free memory: 11.13GiB
W tensorflow/stream_executor/cuda/cuda_driver.cc:572] creating context when one is currently active; existing: 0x87bee10
I tensorflow/core/common_runtime/gpu/gpu_init.cc:102] Found device 4 with properties: 
name: Tesla K80
major: 3 minor: 7 memoryClockRate (GHz) 0.8235
pciBusID 0000:84:00.0
Total memory: 11.25GiB
Free memory: 11.13GiB
W tensorflow/stream_executor/cuda/cuda_driver.cc:572] creating context when one is currently active; existing: 0x8be0190
I tensorflow/core/common_runtime/gpu/gpu_init.cc:102] Found device 5 with properties: 
name: Tesla K80
major: 3 minor: 7 memoryClockRate (GHz) 0.8235
pciBusID 0000:85:00.0
Total memory: 11.25GiB
Free memory: 11.13GiB
W tensorflow/stream_executor/cuda/cuda_driver.cc:572] creating context when one is currently active; existing: 0x9004ff0
I tensorflow/core/common_runtime/gpu/gpu_init.cc:102] Found device 6 with properties: 
name: Tesla K80
major: 3 minor: 7 memoryClockRate (GHz) 0.8235
pciBusID 0000:88:00.0
Total memory: 11.25GiB
Free memory: 9.81GiB
W tensorflow/stream_executor/cuda/cuda_driver.cc:572] creating context when one is currently active; existing: 0x942ddc0
I tensorflow/core/common_runtime/gpu/gpu_init.cc:102] Found device 7 with properties: 
name: Tesla K80
major: 3 minor: 7 memoryClockRate (GHz) 0.8235
pciBusID 0000:89:00.0
Total memory: 11.25GiB
Free memory: 11.13GiB
I tensorflow/core/common_runtime/gpu/gpu_init.cc:59] cannot enable peer access from device ordinal 0 to device ordinal 4
I tensorflow/core/common_runtime/gpu/gpu_init.cc:59] cannot enable peer access from device ordinal 0 to device ordinal 5
I tensorflow/core/common_runtime/gpu/gpu_init.cc:59] cannot enable peer access from device ordinal 0 to device ordinal 6
I tensorflow/core/common_runtime/gpu/gpu_init.cc:59] cannot enable peer access from device ordinal 0 to device ordinal 7
I tensorflow/core/common_runtime/gpu/gpu_init.cc:59] cannot enable peer access from device ordinal 1 to device ordinal 4
I tensorflow/core/common_runtime/gpu/gpu_init.cc:59] cannot enable peer access from device ordinal 1 to device ordinal 5
I tensorflow/core/common_runtime/gpu/gpu_init.cc:59] cannot enable peer access from device ordinal 1 to device ordinal 6
I tensorflow/core/common_runtime/gpu/gpu_init.cc:59] cannot enable peer access from device ordinal 1 to device ordinal 7
I tensorflow/core/common_runtime/gpu/gpu_init.cc:59] cannot enable peer access from device ordinal 2 to device ordinal 4
I tensorflow/core/common_runtime/gpu/gpu_init.cc:59] cannot enable peer access from device ordinal 2 to device ordinal 5
I tensorflow/core/common_runtime/gpu/gpu_init.cc:59] cannot enable peer access from device ordinal 2 to device ordinal 6
I tensorflow/core/common_runtime/gpu/gpu_init.cc:59] cannot enable peer access from device ordinal 2 to device ordinal 7
I tensorflow/core/common_runtime/gpu/gpu_init.cc:59] cannot enable peer access from device ordinal 3 to device ordinal 4
I tensorflow/core/common_runtime/gpu/gpu_init.cc:59] cannot enable peer access from device ordinal 3 to device ordinal 5
I tensorflow/core/common_runtime/gpu/gpu_init.cc:59] cannot enable peer access from device ordinal 3 to device ordinal 6
I tensorflow/core/common_runtime/gpu/gpu_init.cc:59] cannot enable peer access from device ordinal 3 to device ordinal 7
I tensorflow/core/common_runtime/gpu/gpu_init.cc:59] cannot enable peer access from device ordinal 4 to device ordinal 0
I tensorflow/core/common_runtime/gpu/gpu_init.cc:59] cannot enable peer access from device ordinal 4 to device ordinal 1
I tensorflow/core/common_runtime/gpu/gpu_init.cc:59] cannot enable peer access from device ordinal 4 to device ordinal 2
I tensorflow/core/common_runtime/gpu/gpu_init.cc:59] cannot enable peer access from device ordinal 4 to device ordinal 3
I tensorflow/core/common_runtime/gpu/gpu_init.cc:59] cannot enable peer access from device ordinal 5 to device ordinal 0
I tensorflow/core/common_runtime/gpu/gpu_init.cc:59] cannot enable peer access from device ordinal 5 to device ordinal 1
I tensorflow/core/common_runtime/gpu/gpu_init.cc:59] cannot enable peer access from device ordinal 5 to device ordinal 2
I tensorflow/core/common_runtime/gpu/gpu_init.cc:59] cannot enable peer access from device ordinal 5 to device ordinal 3
I tensorflow/core/common_runtime/gpu/gpu_init.cc:59] cannot enable peer access from device ordinal 6 to device ordinal 0
I tensorflow/core/common_runtime/gpu/gpu_init.cc:59] cannot enable peer access from device ordinal 6 to device ordinal 1
I tensorflow/core/common_runtime/gpu/gpu_init.cc:59] cannot enable peer access from device ordinal 6 to device ordinal 2
I tensorflow/core/common_runtime/gpu/gpu_init.cc:59] cannot enable peer access from device ordinal 6 to device ordinal 3
I tensorflow/core/common_runtime/gpu/gpu_init.cc:59] cannot enable peer access from device ordinal 7 to device ordinal 0
I tensorflow/core/common_runtime/gpu/gpu_init.cc:59] cannot enable peer access from device ordinal 7 to device ordinal 1
I tensorflow/core/common_runtime/gpu/gpu_init.cc:59] cannot enable peer access from device ordinal 7 to device ordinal 2
I tensorflow/core/common_runtime/gpu/gpu_init.cc:59] cannot enable peer access from device ordinal 7 to device ordinal 3
I tensorflow/core/common_runtime/gpu/gpu_init.cc:126] DMA: 0 1 2 3 4 5 6 7 
I tensorflow/core/common_runtime/gpu/gpu_init.cc:136] 0:   Y Y Y Y N N N N 
I tensorflow/core/common_runtime/gpu/gpu_init.cc:136] 1:   Y Y Y Y N N N N 
I tensorflow/core/common_runtime/gpu/gpu_init.cc:136] 2:   Y Y Y Y N N N N 
I tensorflow/core/common_runtime/gpu/gpu_init.cc:136] 3:   Y Y Y Y N N N N 
I tensorflow/core/common_runtime/gpu/gpu_init.cc:136] 4:   N N N N Y Y Y Y 
I tensorflow/core/common_runtime/gpu/gpu_init.cc:136] 5:   N N N N Y Y Y Y 
I tensorflow/core/common_runtime/gpu/gpu_init.cc:136] 6:   N N N N Y Y Y Y 
I tensorflow/core/common_runtime/gpu/gpu_init.cc:136] 7:   N N N N Y Y Y Y 
I tensorflow/core/common_runtime/gpu/gpu_device.cc:839] Creating TensorFlow device (/gpu:0) -> (device: 0, name: Tesla K80, pci bus id: 0000:05:00.0)
I tensorflow/core/common_runtime/gpu/gpu_device.cc:839] Creating TensorFlow device (/gpu:1) -> (device: 1, name: Tesla K80, pci bus id: 0000:06:00.0)
I tensorflow/core/common_runtime/gpu/gpu_device.cc:839] Creating TensorFlow device (/gpu:2) -> (device: 2, name: Tesla K80, pci bus id: 0000:09:00.0)
I tensorflow/core/common_runtime/gpu/gpu_device.cc:839] Creating TensorFlow device (/gpu:3) -> (device: 3, name: Tesla K80, pci bus id: 0000:0a:00.0)
I tensorflow/core/common_runtime/gpu/gpu_device.cc:839] Creating TensorFlow device (/gpu:4) -> (device: 4, name: Tesla K80, pci bus id: 0000:84:00.0)
I tensorflow/core/common_runtime/gpu/gpu_device.cc:839] Creating TensorFlow device (/gpu:5) -> (device: 5, name: Tesla K80, pci bus id: 0000:85:00.0)
I tensorflow/core/common_runtime/gpu/gpu_device.cc:839] Creating TensorFlow device (/gpu:6) -> (device: 6, name: Tesla K80, pci bus id: 0000:88:00.0)
I tensorflow/core/common_runtime/gpu/gpu_device.cc:839] Creating TensorFlow device (/gpu:7) -> (device: 7, name: Tesla K80, pci bus id: 0000:89:00.0)
I tensorflow/core/common_runtime/gpu/pool_allocator.cc:244] PoolAllocator: After 2160 get requests, put_count=1952 evicted_count=1000 eviction_rate=0.512295 and unsatisfied allocation rate=0.605556
I tensorflow/core/common_runtime/gpu/pool_allocator.cc:256] Raising pool_size_limit_ from 100 to 110
I tensorflow/core/common_runtime/gpu/pool_allocator.cc:244] PoolAllocator: After 2360 get requests, put_count=1885 evicted_count=1000 eviction_rate=0.530504 and unsatisfied allocation rate=0.633051
I tensorflow/core/common_runtime/gpu/pool_allocator.cc:256] Raising pool_size_limit_ from 212 to 233
I tensorflow/core/common_runtime/gpu/pool_allocator.cc:244] PoolAllocator: After 2431 get requests, put_count=2213 evicted_count=1000 eviction_rate=0.451875 and unsatisfied allocation rate=0.517483
I tensorflow/core/common_runtime/gpu/pool_allocator.cc:256] Raising pool_size_limit_ from 449 to 493
I tensorflow/core/common_runtime/gpu/pool_allocator.cc:244] PoolAllocator: After 4649 get requests, put_count=4658 evicted_count=1000 eviction_rate=0.214684 and unsatisfied allocation rate=0.23575
I tensorflow/core/common_runtime/gpu/pool_allocator.cc:256] Raising pool_size_limit_ from 1158 to 1273
Training ResInception_cifar10 model
step 199, cross_entropy 2.57315
test accuracy 0.139
step 399, cross_entropy 2.00302
test accuracy 0.22
step 599, cross_entropy 1.94257
test accuracy 0.274
step 799, cross_entropy 1.83839
test accuracy 0.126
step 999, cross_entropy 1.79197
test accuracy 0.264
step 1199, cross_entropy 1.67433
test accuracy 0.255
step 1399, cross_entropy 1.5665
test accuracy 0.254
step 1599, cross_entropy 1.53616
test accuracy 0.175
step 1799, cross_entropy 1.45826
test accuracy 0.437
step 1999, cross_entropy 1.43158
test accuracy 0.447
Model saved in ../ckpt/ResInception_cifar10.ckpt
step 2199, cross_entropy 1.40602
test accuracy 0.332
step 2399, cross_entropy 1.33141
test accuracy 0.397
step 2599, cross_entropy 1.28788
test accuracy 0.345
step 2799, cross_entropy 1.34658
test accuracy 0.447
step 2999, cross_entropy 1.29057
test accuracy 0.369
step 3199, cross_entropy 1.24432
test accuracy 0.474
step 3399, cross_entropy 1.23291
test accuracy 0.474
step 3599, cross_entropy 1.1536
test accuracy 0.498
step 3799, cross_entropy 1.13637
test accuracy 0.575
step 3999, cross_entropy 1.1383
test accuracy 0.289
Model saved in ../ckpt/ResInception_cifar10.ckpt
step 4199, cross_entropy 1.09533
test accuracy 0.609
step 4399, cross_entropy 1.10564
test accuracy 0.506
step 4599, cross_entropy 1.08269
test accuracy 0.552
step 4799, cross_entropy 1.08637
test accuracy 0.612
step 4999, cross_entropy 1.06265
test accuracy 0.607
step 5199, cross_entropy 1.02255
test accuracy 0.678
step 5399, cross_entropy 1.01014
test accuracy 0.522
step 5599, cross_entropy 1.01696
test accuracy 0.38
step 5799, cross_entropy 0.990559
test accuracy 0.52
step 5999, cross_entropy 0.973396
test accuracy 0.688
Model saved in ../ckpt/ResInception_cifar10.ckpt
step 6199, cross_entropy 0.946219
test accuracy 0.595
step 6399, cross_entropy 0.897341
test accuracy 0.651
step 6599, cross_entropy 0.938697
test accuracy 0.506
step 6799, cross_entropy 0.915331
test accuracy 0.642
step 6999, cross_entropy 0.92587
test accuracy 0.598
step 7199, cross_entropy 0.867178
test accuracy 0.585
step 7399, cross_entropy 0.917265
test accuracy 0.648
step 7599, cross_entropy 0.869959
test accuracy 0.636
step 7799, cross_entropy 0.871752
test accuracy 0.673
step 7999, cross_entropy 0.873084
test accuracy 0.679
Model saved in ../ckpt/ResInception_cifar10.ckpt
step 8199, cross_entropy 0.861167
test accuracy 0.648
step 8399, cross_entropy 0.854003
test accuracy 0.663
step 8599, cross_entropy 0.823366
test accuracy 0.561
step 8799, cross_entropy 0.856787
test accuracy 0.629
step 8999, cross_entropy 0.858974
test accuracy 0.558
step 9199, cross_entropy 0.820785
test accuracy 0.591
step 9399, cross_entropy 0.823283
test accuracy 0.703
step 9599, cross_entropy 0.790276
test accuracy 0.584
step 9799, cross_entropy 0.802235
test accuracy 0.657
step 9999, cross_entropy 0.764075
test accuracy 0.668
Model saved in ../ckpt/ResInception_cifar10.ckpt
step 10199, cross_entropy 0.788483
test accuracy 0.669
step 10399, cross_entropy 0.8005
test accuracy 0.656
step 10599, cross_entropy 0.760225
test accuracy 0.701
step 10799, cross_entropy 0.771676
test accuracy 0.652
step 10999, cross_entropy 0.783211
test accuracy 0.659
step 11199, cross_entropy 0.755207
test accuracy 0.663
step 11399, cross_entropy 0.718854
test accuracy 0.685
step 11599, cross_entropy 0.735299
test accuracy 0.746
step 11799, cross_entropy 0.677749
test accuracy 0.662
step 11999, cross_entropy 0.734901
test accuracy 0.681
Model saved in ../ckpt/ResInception_cifar10.ckpt
step 12199, cross_entropy 0.691318
test accuracy 0.665
step 12399, cross_entropy 0.76074
test accuracy 0.649
step 12599, cross_entropy 0.72559
test accuracy 0.69
step 12799, cross_entropy 0.711569
test accuracy 0.686
step 12999, cross_entropy 0.720296
test accuracy 0.741
step 13199, cross_entropy 0.721919
test accuracy 0.741
step 13399, cross_entropy 0.703888
test accuracy 0.68
step 13599, cross_entropy 0.706826
test accuracy 0.73
step 13799, cross_entropy 0.703018
test accuracy 0.606
step 13999, cross_entropy 0.679694
test accuracy 0.723
Model saved in ../ckpt/ResInception_cifar10.ckpt
step 14199, cross_entropy 0.691732
test accuracy 0.702
step 14399, cross_entropy 0.699386
test accuracy 0.703
step 14599, cross_entropy 0.669665
test accuracy 0.77
step 14799, cross_entropy 0.683964
test accuracy 0.741
step 14999, cross_entropy 0.668623
test accuracy 0.712
step 15199, cross_entropy 0.661954
test accuracy 0.729
step 15399, cross_entropy 0.652402
test accuracy 0.725
step 15599, cross_entropy 0.649228
test accuracy 0.728
step 15799, cross_entropy 0.627469
test accuracy 0.77
step 15999, cross_entropy 0.63541
test accuracy 0.714
Model saved in ../ckpt/ResInception_cifar10.ckpt
step 16199, cross_entropy 0.653552
test accuracy 0.733
step 16399, cross_entropy 0.620623
test accuracy 0.773
step 16599, cross_entropy 0.658079
test accuracy 0.715
step 16799, cross_entropy 0.633747
test accuracy 0.68
step 16999, cross_entropy 0.616107
test accuracy 0.676
step 17199, cross_entropy 0.606972
test accuracy 0.742
step 17399, cross_entropy 0.613947
test accuracy 0.711
step 17599, cross_entropy 0.60076
test accuracy 0.769
step 17799, cross_entropy 0.602238
test accuracy 0.751
step 17999, cross_entropy 0.621473
test accuracy 0.71
Model saved in ../ckpt/ResInception_cifar10.ckpt
step 18199, cross_entropy 0.59299
test accuracy 0.733
step 18399, cross_entropy 0.577201
test accuracy 0.773
step 18599, cross_entropy 0.594093
test accuracy 0.723
step 18799, cross_entropy 0.598388
test accuracy 0.756
step 18999, cross_entropy 0.581789
test accuracy 0.773
step 19199, cross_entropy 0.593351
test accuracy 0.756
step 19399, cross_entropy 0.59486
test accuracy 0.764
step 19599, cross_entropy 0.604767
test accuracy 0.797
step 19799, cross_entropy 0.557424
test accuracy 0.763
step 19999, cross_entropy 0.564773
test accuracy 0.771
Model saved in ../ckpt/ResInception_cifar10.ckpt
step 20199, cross_entropy 0.613285
test accuracy 0.774
step 20399, cross_entropy 0.540361
test accuracy 0.76
step 20599, cross_entropy 0.560749
test accuracy 0.668
step 20799, cross_entropy 0.556153
test accuracy 0.732
step 20999, cross_entropy 0.579477
test accuracy 0.772
step 21199, cross_entropy 0.544223
test accuracy 0.78
step 21399, cross_entropy 0.562648
test accuracy 0.731
step 21599, cross_entropy 0.552572
test accuracy 0.74
step 21799, cross_entropy 0.580655
test accuracy 0.717
step 21999, cross_entropy 0.540599
test accuracy 0.763
Model saved in ../ckpt/ResInception_cifar10.ckpt
step 22199, cross_entropy 0.520534
test accuracy 0.787
step 22399, cross_entropy 0.556182
test accuracy 0.786
step 22599, cross_entropy 0.534293
test accuracy 0.813
step 22799, cross_entropy 0.52623
test accuracy 0.774
step 22999, cross_entropy 0.524215
test accuracy 0.799
step 23199, cross_entropy 0.521429
test accuracy 0.817
step 23399, cross_entropy 0.516869
test accuracy 0.791
step 23599, cross_entropy 0.519185
test accuracy 0.754
step 23799, cross_entropy 0.516066
test accuracy 0.634
step 23999, cross_entropy 0.528763
test accuracy 0.781
Model saved in ../ckpt/ResInception_cifar10.ckpt
step 24199, cross_entropy 0.524929
test accuracy 0.774
step 24399, cross_entropy 0.497759
test accuracy 0.744
step 24599, cross_entropy 0.501924
test accuracy 0.779
step 24799, cross_entropy 0.497689
test accuracy 0.803
step 24999, cross_entropy 0.479317
test accuracy 0.807
step 25199, cross_entropy 0.50885
test accuracy 0.774
step 25399, cross_entropy 0.560399
test accuracy 0.768
step 25599, cross_entropy 0.48691
test accuracy 0.789
step 25799, cross_entropy 0.505288
test accuracy 0.779
step 25999, cross_entropy 0.459036
test accuracy 0.795
Model saved in ../ckpt/ResInception_cifar10.ckpt
step 26199, cross_entropy 0.482012
test accuracy 0.798
step 26399, cross_entropy 0.484663
test accuracy 0.703
step 26599, cross_entropy 0.478951
test accuracy 0.791
step 26799, cross_entropy 0.520027
test accuracy 0.796
step 26999, cross_entropy 0.481221
test accuracy 0.732
step 27199, cross_entropy 0.4701
test accuracy 0.763
step 27399, cross_entropy 0.460506
test accuracy 0.722
step 27599, cross_entropy 0.480242
test accuracy 0.771
step 27799, cross_entropy 0.483703
test accuracy 0.827
step 27999, cross_entropy 0.498618
test accuracy 0.821
Model saved in ../ckpt/ResInception_cifar10.ckpt
step 28199, cross_entropy 0.468821
test accuracy 0.703
step 28399, cross_entropy 0.486503
test accuracy 0.84
step 28599, cross_entropy 0.488723
test accuracy 0.761
step 28799, cross_entropy 0.446562
test accuracy 0.792
step 28999, cross_entropy 0.483018
test accuracy 0.782
step 29199, cross_entropy 0.450879
test accuracy 0.803
step 29399, cross_entropy 0.492044
test accuracy 0.808
step 29599, cross_entropy 0.454494
test accuracy 0.819
step 29799, cross_entropy 0.486899
test accuracy 0.764
step 29999, cross_entropy 0.426269
test accuracy 0.758
Model saved in ../ckpt/ResInception_cifar10.ckpt
step 30199, cross_entropy 0.462468
test accuracy 0.817
step 30399, cross_entropy 0.413297
test accuracy 0.74
step 30599, cross_entropy 0.451097
test accuracy 0.793
step 30799, cross_entropy 0.463271
test accuracy 0.78
step 30999, cross_entropy 0.438205
test accuracy 0.779
step 31199, cross_entropy 0.40557
test accuracy 0.78
step 31399, cross_entropy 0.458005
test accuracy 0.782
step 31599, cross_entropy 0.451275
test accuracy 0.824
step 31799, cross_entropy 0.424887
test accuracy 0.789
step 31999, cross_entropy 0.427825
test accuracy 0.761
Model saved in ../ckpt/ResInception_cifar10.ckpt
step 32199, cross_entropy 0.435637
test accuracy 0.803
step 32399, cross_entropy 0.466505
test accuracy 0.773
step 32599, cross_entropy 0.41107
test accuracy 0.82
step 32799, cross_entropy 0.431639
test accuracy 0.788
step 32999, cross_entropy 0.407839
test accuracy 0.816
step 33199, cross_entropy 0.460635
test accuracy 0.817
step 33399, cross_entropy 0.401952
test accuracy 0.799
step 33599, cross_entropy 0.412462
test accuracy 0.802
step 33799, cross_entropy 0.427689
test accuracy 0.762
step 33999, cross_entropy 0.403483
test accuracy 0.815
Model saved in ../ckpt/ResInception_cifar10.ckpt
step 34199, cross_entropy 0.39885
test accuracy 0.792
step 34399, cross_entropy 0.404105
test accuracy 0.841
step 34599, cross_entropy 0.416165
test accuracy 0.83
step 34799, cross_entropy 0.430536
test accuracy 0.806
step 34999, cross_entropy 0.427563
test accuracy 0.802
step 35199, cross_entropy 0.405415
test accuracy 0.811
step 35399, cross_entropy 0.379371
test accuracy 0.798
step 35599, cross_entropy 0.381961
test accuracy 0.829
step 35799, cross_entropy 0.386097
test accuracy 0.81
step 35999, cross_entropy 0.385965
test accuracy 0.791
Model saved in ../ckpt/ResInception_cifar10.ckpt
step 36199, cross_entropy 0.400654
test accuracy 0.776
step 36399, cross_entropy 0.414499
test accuracy 0.769
step 36599, cross_entropy 0.339918
test accuracy 0.794
step 36799, cross_entropy 0.382368
test accuracy 0.795
step 36999, cross_entropy 0.382339
test accuracy 0.824
step 37199, cross_entropy 0.390748
test accuracy 0.744
step 37399, cross_entropy 0.375463
test accuracy 0.818
step 37599, cross_entropy 0.400195
test accuracy 0.735
step 37799, cross_entropy 0.383243
test accuracy 0.81
step 37999, cross_entropy 0.379277
test accuracy 0.837
Model saved in ../ckpt/ResInception_cifar10.ckpt
step 38199, cross_entropy 0.376299
test accuracy 0.831
step 38399, cross_entropy 0.382451
test accuracy 0.834
step 38599, cross_entropy 0.401458
test accuracy 0.784
step 38799, cross_entropy 0.381888
test accuracy 0.827
step 38999, cross_entropy 0.367099
test accuracy 0.849
step 39199, cross_entropy 0.38669
test accuracy 0.82
step 39399, cross_entropy 0.392678
test accuracy 0.856
step 39599, cross_entropy 0.383552
test accuracy 0.775
step 39799, cross_entropy 0.356374
test accuracy 0.79
step 39999, cross_entropy 0.382507
test accuracy 0.852
Model saved in ../ckpt/ResInception_cifar10.ckpt
highest accuracy: 0.856
